app/build/intermediates/manifest_merge_blame_file/debug/processDebugMainManifest/manifest-merger-blame-debug-report.txt
1<?xml version="1.0" encoding="utf-8"?>
2<manifest xmlns:android="http://schemas.android.com/apk/res/android"
3    package="com.codex.whatsappguard"
4    android:versionCode="1"
5    android:versionName="0.1.0" >
6
7    <uses-sdk
7-->INJECTED
8        android:minSdkVersion="26"
8-->INJECTED
9        android:targetSdkVersion="37" />
9-->INJECTED
10
11    <application
11-->src\main\AndroidManifest.xml:5:5-50:19
12        android:allowBackup="false"
12-->src\main\AndroidManifest.xml:6:9-36
13        android:dataExtractionRules="@xml/data_extraction_rules"
13-->src\main\AndroidManifest.xml:7:9-65
14        android:debuggable="true"
15        android:extractNativeLibs="false"
15-->INJECTED
16        android:fullBackupContent="@xml/backup_rules"
16-->src\main\AndroidManifest.xml:8:9-54
17        android:icon="@drawable/ic_launcher"
17-->src\main\AndroidManifest.xml:9:9-45
18        android:label="@string/app_name"
18-->src\main\AndroidManifest.xml:10:9-41
19        android:supportsRtl="true"
19-->src\main\AndroidManifest.xml:11:9-35
20        android:theme="@style/AppTheme" >
20-->src\main\AndroidManifest.xml:12:9-40
21        <activity
21-->src\main\AndroidManifest.xml:14:9-21:20
22            android:name="com.codex.whatsappguard.MainActivity"
22-->src\main\AndroidManifest.xml:15:13-41
23            android:exported="true" >
23-->src\main\AndroidManifest.xml:16:13-36
24            <intent-filter>
24-->src\main\AndroidManifest.xml:17:13-20:29
25                <action android:name="android.intent.action.MAIN" />
25-->src\main\AndroidManifest.xml:18:17-69
25-->src\main\AndroidManifest.xml:18:25-66
26
27                <category android:name="android.intent.category.LAUNCHER" />
27-->src\main\AndroidManifest.xml:19:17-77
27-->src\main\AndroidManifest.xml:19:27-74
28            </intent-filter>
29        </activity>
30
31        <receiver
31-->src\main\AndroidManifest.xml:23:9-35:20
32            android:name="com.codex.whatsappguard.AdminReceiver"
32-->src\main\AndroidManifest.xml:24:13-42
33            android:description="@string/device_admin_description"
33-->src\main\AndroidManifest.xml:25:13-67
34            android:exported="true"
34-->src\main\AndroidManifest.xml:26:13-36
35            android:label="@string/app_name"
35-->src\main\AndroidManifest.xml:27:13-45
36            android:permission="android.permission.BIND_DEVICE_ADMIN" >
36-->src\main\AndroidManifest.xml:28:13-70
37            <meta-data
37-->src\main\AndroidManifest.xml:29:13-31:56
38                android:name="android.app.device_admin"
38-->src\main\AndroidManifest.xml:30:17-56
39                android:resource="@xml/device_admin" />
39-->src\main\AndroidManifest.xml:31:17-53
40
41            <intent-filter>
41-->src\main\AndroidManifest.xml:32:13-34:29
42                <action android:name="android.app.action.DEVICE_ADMIN_ENABLED" />
42-->src\main\AndroidManifest.xml:33:17-82
42-->src\main\AndroidManifest.xml:33:25-79
43            </intent-filter>
44        </receiver>
45
46        <service
46-->src\main\AndroidManifest.xml:37:9-49:19
47            android:name="com.codex.whatsappguard.GuardAccessibilityService"
47-->src\main\AndroidManifest.xml:38:13-54
48            android:exported="true"
48-->src\main\AndroidManifest.xml:39:13-36
49            android:label="@string/accessibility_service_label"
49-->src\main\AndroidManifest.xml:40:13-64
50            android:permission="android.permission.BIND_ACCESSIBILITY_SERVICE" >
50-->src\main\AndroidManifest.xml:41:13-79
51            <intent-filter>
51-->src\main\AndroidManifest.xml:43:13-45:29
52                <action android:name="android.accessibilityservice.AccessibilityService" />
52-->src\main\AndroidManifest.xml:44:17-92
52-->src\main\AndroidManifest.xml:44:25-89
53            </intent-filter>
54
55            <meta-data
55-->src\main\AndroidManifest.xml:46:13-48:72
56                android:name="android.accessibilityservice"
56-->src\main\AndroidManifest.xml:47:17-60
57                android:resource="@xml/whatsapp_guard_accessibility" />
57-->src\main\AndroidManifest.xml:48:17-69
58        </service>
59    </application>
60
61</manifest>